New log file opened at Mon Nov 21 14:29:34 CST 2016 by 7908@zhangzheng-PC
Taking next connection to: 53880
New client attempting to connect on port: 53881-53880
  Address = /192.168.113.195:53880
This client on port 53881 has uuid adc81767-1c71-4945-b726-6a45de575def configName activator humanReadableName Activator protocolVersion 3 featureTags Vector()
Connected Clients: activator-adc81767-1c71-4945-b726-6a45de575def
Taking next connection to: 53880
Checking to see if clients are empty...
We have 1 non-daemon clients, continuing serving connections.
Taking next connection to: 53880
Checking to see if clients are empty...
We have 1 non-daemon clients, continuing serving connections.
Taking next connection to: 53880
Checking to see if clients are empty...
We have 1 non-daemon clients, continuing serving connections.
Taking next connection to: 53880
Checking to see if clients are empty...
We have 1 non-daemon clients, continuing serving connections.
Taking next connection to: 53880
Checking to see if clients are empty...
We have 1 non-daemon clients, continuing serving connections.
Taking next connection to: 53880
Checking to see if clients are empty...
We have 1 non-daemon clients, continuing serving connections.
Taking next connection to: 53880
Checking to see if clients are empty...
We have 1 non-daemon clients, continuing serving connections.
Taking next connection to: 53880
Checking to see if clients are empty...
We have 1 non-daemon clients, continuing serving connections.
Taking next connection to: 53880
Checking to see if clients are empty...
No non-daemon clients connected after 3 min. Shutting down.
Server socket thread exiting.
0 clients open, will close them...
All client sockets have been closed.
Closing the 7908@zhangzheng-PC logs at Mon Nov 21 14:56:34 CST 2016, goodbye.
